<?xml version="1.0" encoding="UTF-8"?>
<testsuite xmlns:xsi="http://www.w3.org/2001/XMLSchema-instance" xsi:noNamespaceSchemaLocation="https://maven.apache.org/surefire/maven-surefire-plugin/xsd/surefire-test-report-3.0.xsd" version="3.0" name="com.socialmedia.editor.repository.UserRepositoryTest" time="8.723" tests="9" errors="0" skipped="0" failures="0">
  <properties>
[...]
</properties>
  <testcase name="findAll_ShouldReturnAllUsers" classname="com.socialmedia.editor.repository.UserRepositoryTest" time="1.058">
    <system-out><![CDATA[17:17:50.287 [main] INFO org.springframework.test.context.support.AnnotationConfigContextLoaderUtils -- Could not detect default configuration classes for test class [com.socialmedia.editor.repository.UserRepositoryTest]: UserRepositoryTest does not declare any static, non-private, non-final, nested classes annotated with @Configuration.
17:17:50.565 [main] INFO org.springframework.boot.test.context.SpringBootTestContextBootstrapper -- Found @SpringBootConfiguration com.socialmedia.editor.SocialMediaEditorApplication for test class com.socialmedia.editor.repository.UserRepositoryTest

  .   ____          _            __ _ _
 /\\ / ___'_ __ _ _(_)_ __  __ _ \ \ \ \
( ( )\___ | '_ | '_| | '_ \/ _` | \ \ \ \
 \\/  ___)| |_)| | | | | || (_| |  ) ) ) )
  '  |____| .__|_| |_|_| |_\__, | / / / /
 =========|_|==============|___/=/_/_/_/
 :: Spring Boot ::                (v3.2.0)

2025-12-14T17:17:51.382Z  INFO 2102316 --- [           main] c.s.e.repository.UserRepositoryTest      : Starting UserRepositoryTest using Java 17.0.17 with PID 2102316 (started by ubuntu in /home/ubuntu/dev/jean/isaricspain/social-media-editor/249450013-1765633276034/backend)
2025-12-14T17:17:51.383Z DEBUG 2102316 --- [           main] c.s.e.repository.UserRepositoryTest      : Running with Spring Boot v3.2.0, Spring v6.1.1
2025-12-14T17:17:51.384Z  INFO 2102316 --- [           main] c.s.e.repository.UserRepositoryTest      : The following 1 profile is active: "test"
2025-12-14T17:17:52.305Z  INFO 2102316 --- [           main] .s.d.r.c.RepositoryConfigurationDelegate : Bootstrapping Spring Data JPA repositories in DEFAULT mode.
2025-12-14T17:17:52.638Z  INFO 2102316 --- [           main] .s.d.r.c.RepositoryConfigurationDelegate : Finished Spring Data repository scanning in 310 ms. Found 5 JPA repository interfaces.
2025-12-14T17:17:52.778Z  INFO 2102316 --- [           main] beddedDataSourceBeanFactoryPostProcessor : Replacing 'dataSource' DataSource bean with embedded version
2025-12-14T17:17:53.068Z  INFO 2102316 --- [           main] o.s.j.d.e.EmbeddedDatabaseFactory        : Starting embedded database: url='jdbc:h2:mem:98970933-d53c-492d-90f5-06083aea5d74;DB_CLOSE_DELAY=-1;DB_CLOSE_ON_EXIT=false', username='sa'
2025-12-14T17:17:53.551Z  INFO 2102316 --- [           main] o.hibernate.jpa.internal.util.LogHelper  : HHH000204: Processing PersistenceUnitInfo [name: default]
2025-12-14T17:17:53.690Z  INFO 2102316 --- [           main] org.hibernate.Version                    : HHH000412: Hibernate ORM core version 6.3.1.Final
2025-12-14T17:17:53.801Z  INFO 2102316 --- [           main] o.h.c.internal.RegionFactoryInitiator    : HHH000026: Second-level cache disabled
2025-12-14T17:17:54.237Z  INFO 2102316 --- [           main] o.s.o.j.p.SpringPersistenceUnitInfo      : No LoadTimeWeaver setup: ignoring JPA class transformer
2025-12-14T17:17:54.324Z  WARN 2102316 --- [           main] org.hibernate.orm.deprecation            : HHH90000025: H2Dialect does not need to be specified explicitly using 'hibernate.dialect' (remove the property setting and it will be selected by default)
2025-12-14T17:17:55.665Z  INFO 2102316 --- [           main] o.h.e.t.j.p.i.JtaPlatformInitiator       : HHH000489: No JTA platform available (set 'hibernate.transaction.jta.platform' to enable JTA platform integration)
Hibernate: 
    drop table if exists platform_settings cascade 
Hibernate: 
    drop table if exists post_platforms cascade 
Hibernate: 
    drop table if exists posts cascade 
Hibernate: 
    drop table if exists social_media_accounts cascade 
Hibernate: 
    drop table if exists users cascade 
Hibernate: 
    create table platform_settings (
        is_active boolean,
        created_at timestamp(6),
        id bigint generated by default as identity,
        updated_at timestamp(6),
        user_id bigint,
        default_prompt TEXT,
        platform varchar(255) not null check (platform in ('TWITTER','FACEBOOK','INSTAGRAM','LINKEDIN','TIKTOK','YOUTUBE')),
        primary key (id)
    )
Hibernate: 
    create table post_platforms (
        is_enabled boolean,
        created_at timestamp(6),
        id bigint generated by default as identity,
        post_id bigint,
        published_at timestamp(6),
        scheduled_time timestamp(6),
        updated_at timestamp(6),
        custom_prompt TEXT,
        platform varchar(255) not null check (platform in ('TWITTER','FACEBOOK','INSTAGRAM','LINKEDIN','TIKTOK','YOUTUBE')),
        publish_status varchar(255) not null check (publish_status in ('PENDING','PUBLISHED','FAILED','CANCELLED')),
        primary key (id)
    )
Hibernate: 
    create table posts (
        comments_count bigint,
        created_at timestamp(6),
        engagement_count bigint,
        id bigint generated by default as identity,
        likes_count bigint,
        published_at timestamp(6),
        scheduled_time timestamp(6),
        shares_count bigint,
        updated_at timestamp(6),
        user_id bigint,
        title varchar(500),
        content varchar(5000) not null,
        image_url varchar(255),
        references TEXT,
        status varchar(255) not null check (status in ('DRAFT','SCHEDULED','PUBLISHED','FAILED')),
        primary key (id)
    )
Hibernate: 
    create table social_media_accounts (
        is_active boolean,
        created_at timestamp(6),
        followers_count bigint,
        following_count bigint,
        id bigint generated by default as identity,
        posts_count bigint,
        updated_at timestamp(6),
        user_id bigint,
        access_token varchar(255),
        account_name varchar(255) not null,
        account_username varchar(255),
        platform varchar(255) not null check (platform in ('TWITTER','FACEBOOK','INSTAGRAM','LINKEDIN','TIKTOK','YOUTUBE')),
        profile_image_url varchar(255),
        refresh_token varchar(255),
        primary key (id)
    )
Hibernate: 
    create table users (
        id bigint generated by default as identity,
        email varchar(255),
        password varchar(255),
        username varchar(255) unique,
        primary key (id)
    )
Hibernate: 
    alter table if exists platform_settings 
       add constraint FK7j6ggda0vfabqe458forbkf1p 
       foreign key (user_id) 
       references users
Hibernate: 
    alter table if exists post_platforms 
       add constraint FK767cxsk38i9kipgali42s48yj 
       foreign key (post_id) 
       references posts
Hibernate: 
    alter table if exists posts 
       add constraint FK5lidm6cqbc7u4xhqpxm898qme 
       foreign key (user_id) 
       references users
Hibernate: 
    alter table if exists social_media_accounts 
       add constraint FK26nwpe92ksi05ndxsvfk2a296 
       foreign key (user_id) 
       references users
2025-12-14T17:17:55.769Z  INFO 2102316 --- [           main] j.LocalContainerEntityManagerFactoryBean : Initialized JPA EntityManagerFactory for persistence unit 'default'
2025-12-14T17:17:56.574Z  INFO 2102316 --- [           main] o.s.d.j.r.query.QueryEnhancerFactory     : Hibernate is in classpath; If applicable, HQL parser will be used.
2025-12-14T17:17:57.347Z  INFO 2102316 --- [           main] c.s.e.repository.UserRepositoryTest      : Started UserRepositoryTest in 6.622 seconds (process running for 8.525)
Hibernate: 
    insert 
    into
        users
        (email, password, username, id) 
    values
        (?, ?, ?, default)
Hibernate: 
    insert 
    into
        users
        (email, password, username, id) 
    values
        (?, ?, ?, default)
Hibernate: 
    select
        u1_0.id,
        u1_0.email,
        u1_0.password,
        u1_0.username 
    from
        users u1_0
]]></system-out>
  </testcase>
  <testcase name="existsByUsername_WhenUserDoesNotExist_ShouldReturnFalse" classname="com.socialmedia.editor.repository.UserRepositoryTest" time="0.033">
    <system-out><![CDATA[Hibernate: 
    select
        u1_0.id 
    from
        users u1_0 
    where
        u1_0.username=? 
    fetch
        first ? rows only
]]></system-out>
  </testcase>
  <testcase name="existsByEmail_WhenEmailExists_ShouldReturnTrue" classname="com.socialmedia.editor.repository.UserRepositoryTest" time="0.021">
    <system-out><![CDATA[Hibernate: 
    insert 
    into
        users
        (email, password, username, id) 
    values
        (?, ?, ?, default)
Hibernate: 
    select
        u1_0.id 
    from
        users u1_0 
    where
        u1_0.email=? 
    fetch
        first ? rows only
]]></system-out>
  </testcase>
  <testcase name="save_ShouldPersistUser" classname="com.socialmedia.editor.repository.UserRepositoryTest" time="0.029">
    <system-out><![CDATA[Hibernate: 
    insert 
    into
        users
        (email, password, username, id) 
    values
        (?, ?, ?, default)
]]></system-out>
  </testcase>
  <testcase name="deleteById_ShouldRemoveUser" classname="com.socialmedia.editor.repository.UserRepositoryTest" time="0.022">
    <system-out><![CDATA[Hibernate: 
    insert 
    into
        users
        (email, password, username, id) 
    values
        (?, ?, ?, default)
]]></system-out>
  </testcase>
  <testcase name="findByUsername_WhenUserDoesNotExist_ShouldReturnEmpty" classname="com.socialmedia.editor.repository.UserRepositoryTest" time="0.015">
    <system-out><![CDATA[Hibernate: 
    select
        u1_0.id,
        u1_0.email,
        u1_0.password,
        u1_0.username 
    from
        users u1_0 
    where
        u1_0.username=?
]]></system-out>
  </testcase>
  <testcase name="existsByEmail_WhenEmailDoesNotExist_ShouldReturnFalse" classname="com.socialmedia.editor.repository.UserRepositoryTest" time="0.014">
    <system-out><![CDATA[Hibernate: 
    select
        u1_0.id 
    from
        users u1_0 
    where
        u1_0.email=? 
    fetch
        first ? rows only
]]></system-out>
  </testcase>
  <testcase name="findByUsername_WhenUserExists_ShouldReturnUser" classname="com.socialmedia.editor.repository.UserRepositoryTest" time="0.017">
    <system-out><![CDATA[Hibernate: 
    insert 
    into
        users
        (email, password, username, id) 
    values
        (?, ?, ?, default)
Hibernate: 
    select
        u1_0.id,
        u1_0.email,
        u1_0.password,
        u1_0.username 
    from
        users u1_0 
    where
        u1_0.username=?
]]></system-out>
  </testcase>
  <testcase name="existsByUsername_WhenUserExists_ShouldReturnTrue" classname="com.socialmedia.editor.repository.UserRepositoryTest" time="0.018">
    <system-out><![CDATA[Hibernate: 
    insert 
    into
        users
        (email, password, username, id) 
    values
        (?, ?, ?, default)
Hibernate: 
    select
        u1_0.id 
    from
        users u1_0 
    where
        u1_0.username=? 
    fetch
        first ? rows only
]]></system-out>
  </testcase>
</testsuite>