<?xml version="1.0" encoding="UTF-8"?>
<testsuite xmlns:xsi="http://www.w3.org/2001/XMLSchema-instance" xsi:noNamespaceSchemaLocation="https://maven.apache.org/surefire/maven-surefire-plugin/xsd/surefire-test-report-3.0.xsd" version="3.0" name="com.socialmedia.editor.controller.AuthControllerIntegrationTest" time="3.571" tests="7" errors="0" skipped="0" failures="0">
  <properties>
[...]
</properties>
  <testcase name="register_DuplicateEmail_ShouldReturnError" classname="com.socialmedia.editor.controller.AuthControllerIntegrationTest" time="0.329">
    <system-out><![CDATA[2025-12-13T14:23:46.942Z  INFO 2074041 --- [           main] t.c.s.AnnotationConfigContextLoaderUtils : Could not detect default configuration classes for test class [com.socialmedia.editor.controller.AuthControllerIntegrationTest]: AuthControllerIntegrationTest does not declare any static, non-private, non-final, nested classes annotated with @Configuration.
2025-12-13T14:23:46.986Z  INFO 2074041 --- [           main] .b.t.c.SpringBootTestContextBootstrapper : Found @SpringBootConfiguration com.socialmedia.editor.SocialMediaEditorApplication for test class com.socialmedia.editor.controller.AuthControllerIntegrationTest

  .   ____          _            __ _ _
 /\\ / ___'_ __ _ _(_)_ __  __ _ \ \ \ \
( ( )\___ | '_ | '_| | '_ \/ _` | \ \ \ \
 \\/  ___)| |_)| | | | | || (_| |  ) ) ) )
  '  |____| .__|_| |_|_| |_\__, | / / / /
 =========|_|==============|___/=/_/_/_/
 :: Spring Boot ::                (v3.2.0)

2025-12-13T14:23:47.090Z  INFO 2074041 --- [           main] c.s.e.c.AuthControllerIntegrationTest    : Starting AuthControllerIntegrationTest using Java 17.0.17 with PID 2074041 (started by ubuntu in /home/ubuntu/dev/jean/isaricspain/social-media-editor/249450013-1765633276034/backend)
2025-12-13T14:23:47.091Z DEBUG 2074041 --- [           main] c.s.e.c.AuthControllerIntegrationTest    : Running with Spring Boot v3.2.0, Spring v6.1.1
2025-12-13T14:23:47.092Z  INFO 2074041 --- [           main] c.s.e.c.AuthControllerIntegrationTest    : The following 1 profile is active: "test"
2025-12-13T14:23:47.095Z DEBUG 2074041 --- [           main] o.s.w.c.s.GenericWebApplicationContext   : Refreshing org.springframework.web.context.support.GenericWebApplicationContext@61c4fc34
2025-12-13T14:23:47.612Z  INFO 2074041 --- [           main] .s.d.r.c.RepositoryConfigurationDelegate : Bootstrapping Spring Data JPA repositories in DEFAULT mode.
2025-12-13T14:23:47.634Z  INFO 2074041 --- [           main] .s.d.r.c.RepositoryConfigurationDelegate : Finished Spring Data repository scanning in 18 ms. Found 1 JPA repository interface.
2025-12-13T14:23:47.949Z  INFO 2074041 --- [           main] o.hibernate.jpa.internal.util.LogHelper  : HHH000204: Processing PersistenceUnitInfo [name: default]
2025-12-13T14:23:47.952Z  INFO 2074041 --- [           main] o.h.c.internal.RegionFactoryInitiator    : HHH000026: Second-level cache disabled
2025-12-13T14:23:47.956Z  INFO 2074041 --- [           main] o.s.o.j.p.SpringPersistenceUnitInfo      : No LoadTimeWeaver setup: ignoring JPA class transformer
2025-12-13T14:23:47.959Z  INFO 2074041 --- [           main] com.zaxxer.hikari.HikariDataSource       : HikariPool-1 - Starting...
2025-12-13T14:23:47.985Z  INFO 2074041 --- [           main] com.zaxxer.hikari.pool.HikariPool        : HikariPool-1 - Added connection conn13: url=jdbc:h2:mem:testdb user=SA
2025-12-13T14:23:47.987Z  INFO 2074041 --- [           main] com.zaxxer.hikari.HikariDataSource       : HikariPool-1 - Start completed.
2025-12-13T14:23:47.993Z  WARN 2074041 --- [           main] org.hibernate.orm.deprecation            : HHH90000025: H2Dialect does not need to be specified explicitly using 'hibernate.dialect' (remove the property setting and it will be selected by default)
2025-12-13T14:23:48.034Z  INFO 2074041 --- [           main] o.h.e.t.j.p.i.JtaPlatformInitiator       : HHH000489: No JTA platform available (set 'hibernate.transaction.jta.platform' to enable JTA platform integration)
2025-12-13T14:23:48.040Z  INFO 2074041 --- [           main] j.LocalContainerEntityManagerFactoryBean : Initialized JPA EntityManagerFactory for persistence unit 'default'
2025-12-13T14:23:48.174Z  WARN 2074041 --- [           main] JpaBaseConfiguration$JpaWebConfiguration : spring.jpa.open-in-view is enabled by default. Therefore, database queries may be performed during view rendering. Explicitly configure spring.jpa.open-in-view to disable this warning
2025-12-13T14:23:48.406Z DEBUG 2074041 --- [           main] s.w.s.m.m.a.RequestMappingHandlerMapping : 4 mappings in 'requestMappingHandlerMapping'
2025-12-13T14:23:48.549Z DEBUG 2074041 --- [           main] o.s.w.s.handler.SimpleUrlHandlerMapping  : Patterns [/webjars/**, /**] in 'resourceHandlerMapping'
2025-12-13T14:23:48.604Z  INFO 2074041 --- [           main] o.s.s.web.DefaultSecurityFilterChain     : Will secure any request with [org.springframework.security.web.session.DisableEncodeUrlFilter@6bea0866, org.springframework.security.web.context.request.async.WebAsyncManagerIntegrationFilter@3c5d183, org.springframework.security.web.context.SecurityContextHolderFilter@2ff2a096, org.springframework.security.web.header.HeaderWriterFilter@4a5a8c6f, org.springframework.web.filter.CorsFilter@471b7c9c, org.springframework.security.web.authentication.logout.LogoutFilter@11ce61d1, org.springframework.security.web.savedrequest.RequestCacheAwareFilter@44f8d884, org.springframework.security.web.servletapi.SecurityContextHolderAwareRequestFilter@65d3e2ba, org.springframework.security.web.authentication.AnonymousAuthenticationFilter@39cf7f3c, org.springframework.security.web.session.SessionManagementFilter@7320bccc, org.springframework.security.web.access.ExceptionTranslationFilter@354ed5c4, org.springframework.security.web.access.intercept.AuthorizationFilter@329b4b8b]
2025-12-13T14:23:48.799Z DEBUG 2074041 --- [           main] s.w.s.m.m.a.RequestMappingHandlerAdapter : ControllerAdvice beans: 0 @ModelAttribute, 0 @InitBinder, 1 RequestBodyAdvice, 1 ResponseBodyAdvice
2025-12-13T14:23:48.841Z DEBUG 2074041 --- [           main] .m.m.a.ExceptionHandlerExceptionResolver : ControllerAdvice beans: 0 @ExceptionHandler, 1 ResponseBodyAdvice
2025-12-13T14:23:48.959Z  INFO 2074041 --- [           main] c.s.e.c.AuthControllerIntegrationTest    : Started AuthControllerIntegrationTest in 1.946 seconds (process running for 8.879)
2025-12-13T14:23:48.992Z  INFO 2074041 --- [           main] o.s.b.t.m.w.SpringBootMockServletContext : Initializing Spring TestDispatcherServlet ''
2025-12-13T14:23:48.993Z  INFO 2074041 --- [           main] o.s.t.web.servlet.TestDispatcherServlet  : Initializing Servlet ''
2025-12-13T14:23:48.994Z  INFO 2074041 --- [           main] o.s.t.web.servlet.TestDispatcherServlet  : Completed initialization in 1 ms
2025-12-13T14:23:49.242Z DEBUG 2074041 --- [           main] s.w.s.m.m.a.RequestMappingHandlerMapping : Mapped to com.socialmedia.editor.controller.AuthController#registerUser(RegisterRequest)
2025-12-13T14:23:49.284Z DEBUG 2074041 --- [           main] m.m.a.RequestResponseBodyMethodProcessor : Read "application/json" to [com.socialmedia.editor.controller.AuthController$RegisterRequest@1201c2f6]
2025-12-13T14:23:49.300Z DEBUG 2074041 --- [           main] o.s.w.s.m.m.a.HttpEntityMethodProcessor  : Using 'text/plain', given [*/*] and supported [text/plain, */*, application/json, application/*+json]
2025-12-13T14:23:49.301Z DEBUG 2074041 --- [           main] o.s.w.s.m.m.a.HttpEntityMethodProcessor  : Writing ["Email is already in use!"]
]]></system-out>
  </testcase>
  <testcase name="fullAuthenticationFlow_RegisterThenLogin_ShouldWork" classname="com.socialmedia.editor.controller.AuthControllerIntegrationTest" time="0.347">
    <system-out><![CDATA[2025-12-13T14:23:49.315Z  INFO 2074041 --- [           main] o.s.b.t.m.w.SpringBootMockServletContext : Initializing Spring TestDispatcherServlet ''
2025-12-13T14:23:49.315Z  INFO 2074041 --- [           main] o.s.t.web.servlet.TestDispatcherServlet  : Initializing Servlet ''
2025-12-13T14:23:49.316Z  INFO 2074041 --- [           main] o.s.t.web.servlet.TestDispatcherServlet  : Completed initialization in 0 ms
2025-12-13T14:23:49.319Z DEBUG 2074041 --- [           main] s.w.s.m.m.a.RequestMappingHandlerMapping : Mapped to com.socialmedia.editor.controller.AuthController#registerUser(RegisterRequest)
2025-12-13T14:23:49.320Z DEBUG 2074041 --- [           main] m.m.a.RequestResponseBodyMethodProcessor : Read "application/json" to [com.socialmedia.editor.controller.AuthController$RegisterRequest@7536ef0f]
2025-12-13T14:23:49.464Z DEBUG 2074041 --- [           main] o.s.w.s.m.m.a.HttpEntityMethodProcessor  : Using 'text/plain', given [*/*] and supported [text/plain, */*, application/json, application/*+json]
2025-12-13T14:23:49.464Z DEBUG 2074041 --- [           main] o.s.w.s.m.m.a.HttpEntityMethodProcessor  : Writing ["User registered successfully"]
2025-12-13T14:23:49.466Z DEBUG 2074041 --- [           main] s.w.s.m.m.a.RequestMappingHandlerMapping : Mapped to com.socialmedia.editor.controller.AuthController#authenticateUser(LoginRequest)
2025-12-13T14:23:49.468Z DEBUG 2074041 --- [           main] m.m.a.RequestResponseBodyMethodProcessor : Read "application/json" to [com.socialmedia.editor.controller.AuthController$LoginRequest@713323a3]
2025-12-13T14:23:49.618Z DEBUG 2074041 --- [           main] o.s.w.s.m.m.a.HttpEntityMethodProcessor  : Using 'application/json', given [*/*] and supported [application/json, application/*+json]
2025-12-13T14:23:49.619Z DEBUG 2074041 --- [           main] o.s.w.s.m.m.a.HttpEntityMethodProcessor  : Writing [{token=eyJhbGciOiJIUzI1NiJ9.eyJzdWIiOiJpbnRlZ3JhdGlvbnVzZXIiLCJpYXQiOjE3NjU2MzU4MjksImV4cCI6MTc2NTcy (truncated)...]
]]></system-out>
  </testcase>
  <testcase name="login_WithNonExistentUser_ShouldReturnError" classname="com.socialmedia.editor.controller.AuthControllerIntegrationTest" time="0.016">
    <system-out><![CDATA[2025-12-13T14:23:49.664Z  INFO 2074041 --- [           main] o.s.b.t.m.w.SpringBootMockServletContext : Initializing Spring TestDispatcherServlet ''
2025-12-13T14:23:49.665Z  INFO 2074041 --- [           main] o.s.t.web.servlet.TestDispatcherServlet  : Initializing Servlet ''
2025-12-13T14:23:49.665Z  INFO 2074041 --- [           main] o.s.t.web.servlet.TestDispatcherServlet  : Completed initialization in 0 ms
2025-12-13T14:23:49.669Z DEBUG 2074041 --- [           main] s.w.s.m.m.a.RequestMappingHandlerMapping : Mapped to com.socialmedia.editor.controller.AuthController#authenticateUser(LoginRequest)
2025-12-13T14:23:49.670Z DEBUG 2074041 --- [           main] m.m.a.RequestResponseBodyMethodProcessor : Read "application/json" to [com.socialmedia.editor.controller.AuthController$LoginRequest@33903444]
2025-12-13T14:23:49.672Z DEBUG 2074041 --- [           main] o.s.w.s.m.m.a.HttpEntityMethodProcessor  : Using 'text/plain', given [*/*] and supported [text/plain, */*, application/json, application/*+json]
2025-12-13T14:23:49.673Z DEBUG 2074041 --- [           main] o.s.w.s.m.m.a.HttpEntityMethodProcessor  : Writing ["Invalid username or password"]
]]></system-out>
  </testcase>
  <testcase name="register_DuplicateUsername_ShouldReturnError" classname="com.socialmedia.editor.controller.AuthControllerIntegrationTest" time="0.12">
    <system-out><![CDATA[2025-12-13T14:23:49.683Z  INFO 2074041 --- [           main] o.s.b.t.m.w.SpringBootMockServletContext : Initializing Spring TestDispatcherServlet ''
2025-12-13T14:23:49.683Z  INFO 2074041 --- [           main] o.s.t.web.servlet.TestDispatcherServlet  : Initializing Servlet ''
2025-12-13T14:23:49.684Z  INFO 2074041 --- [           main] o.s.t.web.servlet.TestDispatcherServlet  : Completed initialization in 1 ms
2025-12-13T14:23:49.793Z DEBUG 2074041 --- [           main] s.w.s.m.m.a.RequestMappingHandlerMapping : Mapped to com.socialmedia.editor.controller.AuthController#registerUser(RegisterRequest)
2025-12-13T14:23:49.794Z DEBUG 2074041 --- [           main] m.m.a.RequestResponseBodyMethodProcessor : Read "application/json" to [com.socialmedia.editor.controller.AuthController$RegisterRequest@18bd3135]
2025-12-13T14:23:49.797Z DEBUG 2074041 --- [           main] o.s.w.s.m.m.a.HttpEntityMethodProcessor  : Using 'text/plain', given [*/*] and supported [text/plain, */*, application/json, application/*+json]
2025-12-13T14:23:49.797Z DEBUG 2074041 --- [           main] o.s.w.s.m.m.a.HttpEntityMethodProcessor  : Writing ["Username is already taken!"]
]]></system-out>
  </testcase>
  <testcase name="register_WithRealDatabase_ShouldPersistUser" classname="com.socialmedia.editor.controller.AuthControllerIntegrationTest" time="0.236">
    <system-out><![CDATA[2025-12-13T14:23:49.807Z  INFO 2074041 --- [           main] o.s.b.t.m.w.SpringBootMockServletContext : Initializing Spring TestDispatcherServlet ''
2025-12-13T14:23:49.807Z  INFO 2074041 --- [           main] o.s.t.web.servlet.TestDispatcherServlet  : Initializing Servlet ''
2025-12-13T14:23:49.808Z  INFO 2074041 --- [           main] o.s.t.web.servlet.TestDispatcherServlet  : Completed initialization in 1 ms
2025-12-13T14:23:49.811Z DEBUG 2074041 --- [           main] s.w.s.m.m.a.RequestMappingHandlerMapping : Mapped to com.socialmedia.editor.controller.AuthController#registerUser(RegisterRequest)
2025-12-13T14:23:49.812Z DEBUG 2074041 --- [           main] m.m.a.RequestResponseBodyMethodProcessor : Read "application/json" to [com.socialmedia.editor.controller.AuthController$RegisterRequest@740ddb41]
2025-12-13T14:23:49.921Z DEBUG 2074041 --- [           main] o.s.w.s.m.m.a.HttpEntityMethodProcessor  : Using 'text/plain', given [*/*] and supported [text/plain, */*, application/json, application/*+json]
2025-12-13T14:23:49.921Z DEBUG 2074041 --- [           main] o.s.w.s.m.m.a.HttpEntityMethodProcessor  : Writing ["User registered successfully"]
]]></system-out>
  </testcase>
  <testcase name="login_WithWrongPassword_ShouldReturnError" classname="com.socialmedia.editor.controller.AuthControllerIntegrationTest" time="0.22">
    <system-out><![CDATA[2025-12-13T14:23:50.044Z  INFO 2074041 --- [           main] o.s.b.t.m.w.SpringBootMockServletContext : Initializing Spring TestDispatcherServlet ''
2025-12-13T14:23:50.044Z  INFO 2074041 --- [           main] o.s.t.web.servlet.TestDispatcherServlet  : Initializing Servlet ''
2025-12-13T14:23:50.045Z  INFO 2074041 --- [           main] o.s.t.web.servlet.TestDispatcherServlet  : Completed initialization in 1 ms
2025-12-13T14:23:50.154Z DEBUG 2074041 --- [           main] s.w.s.m.m.a.RequestMappingHandlerMapping : Mapped to com.socialmedia.editor.controller.AuthController#authenticateUser(LoginRequest)
2025-12-13T14:23:50.155Z DEBUG 2074041 --- [           main] m.m.a.RequestResponseBodyMethodProcessor : Read "application/json" to [com.socialmedia.editor.controller.AuthController$LoginRequest@1925b113]
2025-12-13T14:23:50.258Z DEBUG 2074041 --- [           main] o.s.w.s.m.m.a.HttpEntityMethodProcessor  : Using 'text/plain', given [*/*] and supported [text/plain, */*, application/json, application/*+json]
2025-12-13T14:23:50.258Z DEBUG 2074041 --- [           main] o.s.w.s.m.m.a.HttpEntityMethodProcessor  : Writing ["Invalid username or password"]
]]></system-out>
  </testcase>
  <testcase name="login_WithExistingUser_ShouldReturnValidJwtToken" classname="com.socialmedia.editor.controller.AuthControllerIntegrationTest" time="0.241">
    <system-out><![CDATA[2025-12-13T14:23:50.265Z  INFO 2074041 --- [           main] o.s.b.t.m.w.SpringBootMockServletContext : Initializing Spring TestDispatcherServlet ''
2025-12-13T14:23:50.265Z  INFO 2074041 --- [           main] o.s.t.web.servlet.TestDispatcherServlet  : Initializing Servlet ''
2025-12-13T14:23:50.267Z  INFO 2074041 --- [           main] o.s.t.web.servlet.TestDispatcherServlet  : Completed initialization in 2 ms
2025-12-13T14:23:50.374Z DEBUG 2074041 --- [           main] s.w.s.m.m.a.RequestMappingHandlerMapping : Mapped to com.socialmedia.editor.controller.AuthController#authenticateUser(LoginRequest)
2025-12-13T14:23:50.375Z DEBUG 2074041 --- [           main] m.m.a.RequestResponseBodyMethodProcessor : Read "application/json" to [com.socialmedia.editor.controller.AuthController$LoginRequest@676c3745]
2025-12-13T14:23:50.478Z DEBUG 2074041 --- [           main] o.s.w.s.m.m.a.HttpEntityMethodProcessor  : Using 'application/json', given [*/*] and supported [application/json, application/*+json]
2025-12-13T14:23:50.478Z DEBUG 2074041 --- [           main] o.s.w.s.m.m.a.HttpEntityMethodProcessor  : Writing [{token=eyJhbGciOiJIUzI1NiJ9.eyJzdWIiOiJleGlzdGluZ3VzZXIiLCJpYXQiOjE3NjU2MzU4MzAsImV4cCI6MTc2NTcyMjIz (truncated)...]
]]></system-out>
  </testcase>
</testsuite>