<?xml version="1.0" encoding="UTF-8"?>
<testsuite xmlns:xsi="http://www.w3.org/2001/XMLSchema-instance" xsi:noNamespaceSchemaLocation="https://maven.apache.org/surefire/maven-surefire-plugin/xsd/surefire-test-report-3.0.xsd" version="3.0" name="com.socialmedia.editor.controller.AuthControllerTest" time="1.627" tests="12" errors="0" skipped="0" failures="0">
  <properties>
[...]
</properties>
  <testcase name="corsConfiguration_ShouldAllowOriginFromLocalhost3000" classname="com.socialmedia.editor.controller.AuthControllerTest" time="0.169">
    <system-out><![CDATA[2025-12-13T14:23:50.521Z  INFO 2074041 --- [           main] t.c.s.AnnotationConfigContextLoaderUtils : Could not detect default configuration classes for test class [com.socialmedia.editor.controller.AuthControllerTest]: AuthControllerTest does not declare any static, non-private, non-final, nested classes annotated with @Configuration.
2025-12-13T14:23:50.547Z  INFO 2074041 --- [           main] .b.t.c.SpringBootTestContextBootstrapper : Found @SpringBootConfiguration com.socialmedia.editor.SocialMediaEditorApplication for test class com.socialmedia.editor.controller.AuthControllerTest

  .   ____          _            __ _ _
 /\\ / ___'_ __ _ _(_)_ __  __ _ \ \ \ \
( ( )\___ | '_ | '_| | '_ \/ _` | \ \ \ \
 \\/  ___)| |_)| | | | | || (_| |  ) ) ) )
  '  |____| .__|_| |_|_| |_\__, | / / / /
 =========|_|==============|___/=/_/_/_/
 :: Spring Boot ::                (v3.2.0)

2025-12-13T14:23:50.580Z  INFO 2074041 --- [           main] c.s.e.controller.AuthControllerTest      : Starting AuthControllerTest using Java 17.0.17 with PID 2074041 (started by ubuntu in /home/ubuntu/dev/jean/isaricspain/social-media-editor/249450013-1765633276034/backend)
2025-12-13T14:23:50.580Z DEBUG 2074041 --- [           main] c.s.e.controller.AuthControllerTest      : Running with Spring Boot v3.2.0, Spring v6.1.1
2025-12-13T14:23:50.581Z  INFO 2074041 --- [           main] c.s.e.controller.AuthControllerTest      : The following 1 profile is active: "test"
2025-12-13T14:23:50.582Z DEBUG 2074041 --- [           main] o.s.w.c.s.GenericWebApplicationContext   : Refreshing org.springframework.web.context.support.GenericWebApplicationContext@4fe03c06
2025-12-13T14:23:51.320Z DEBUG 2074041 --- [           main] s.w.s.m.m.a.RequestMappingHandlerMapping : 4 mappings in 'requestMappingHandlerMapping'
2025-12-13T14:23:51.425Z DEBUG 2074041 --- [           main] o.s.w.s.handler.SimpleUrlHandlerMapping  : Patterns [/webjars/**, /**] in 'resourceHandlerMapping'
2025-12-13T14:23:51.429Z  INFO 2074041 --- [           main] o.s.s.web.DefaultSecurityFilterChain     : Will secure any request with [org.springframework.security.web.session.DisableEncodeUrlFilter@2d17b6ad, org.springframework.security.web.context.request.async.WebAsyncManagerIntegrationFilter@564b221e, org.springframework.security.web.context.SecurityContextHolderFilter@63793f16, org.springframework.security.web.header.HeaderWriterFilter@75be6796, org.springframework.web.filter.CorsFilter@72e36d0f, org.springframework.security.web.authentication.logout.LogoutFilter@4b8ab2f8, org.springframework.security.web.savedrequest.RequestCacheAwareFilter@7f03e5f4, org.springframework.security.web.servletapi.SecurityContextHolderAwareRequestFilter@6725f9e0, org.springframework.security.web.authentication.AnonymousAuthenticationFilter@5031786b, org.springframework.security.web.access.ExceptionTranslationFilter@1b9075c9, org.springframework.security.web.access.intercept.AuthorizationFilter@716a6343]
2025-12-13T14:23:51.544Z DEBUG 2074041 --- [           main] s.w.s.m.m.a.RequestMappingHandlerAdapter : ControllerAdvice beans: 0 @ModelAttribute, 0 @InitBinder, 1 RequestBodyAdvice, 1 ResponseBodyAdvice
2025-12-13T14:23:51.552Z DEBUG 2074041 --- [           main] .m.m.a.ExceptionHandlerExceptionResolver : ControllerAdvice beans: 0 @ExceptionHandler, 1 ResponseBodyAdvice
2025-12-13T14:23:51.616Z  INFO 2074041 --- [           main] o.s.b.t.m.w.SpringBootMockServletContext : Initializing Spring TestDispatcherServlet ''
2025-12-13T14:23:51.616Z  INFO 2074041 --- [           main] o.s.t.web.servlet.TestDispatcherServlet  : Initializing Servlet ''
2025-12-13T14:23:51.618Z  INFO 2074041 --- [           main] o.s.t.web.servlet.TestDispatcherServlet  : Completed initialization in 2 ms
2025-12-13T14:23:51.641Z  INFO 2074041 --- [           main] c.s.e.controller.AuthControllerTest      : Started AuthControllerTest in 1.09 seconds (process running for 11.561)
2025-12-13T14:23:51.759Z  WARN 2074041 --- [           main] o.s.w.s.h.HandlerMappingIntrospector     : Cache miss for REQUEST dispatch to '/api/auth/login' (previous null). Performing CorsConfiguration lookup. This is logged once only at WARN level, and every time at TRACE.
2025-12-13T14:23:51.774Z DEBUG 2074041 --- [           main] s.w.s.m.m.a.RequestMappingHandlerMapping : Mapped to com.socialmedia.editor.controller.AuthController#authenticateUser(LoginRequest)
2025-12-13T14:23:51.786Z DEBUG 2074041 --- [           main] m.m.a.RequestResponseBodyMethodProcessor : Read "application/json;charset=UTF-8" to [com.socialmedia.editor.controller.AuthController$LoginRequest@7b6824db]
2025-12-13T14:23:51.801Z DEBUG 2074041 --- [           main] o.s.w.s.m.m.a.HttpEntityMethodProcessor  : Using 'application/json', given [*/*] and supported [application/json, application/*+json]
2025-12-13T14:23:51.802Z DEBUG 2074041 --- [           main] o.s.w.s.m.m.a.HttpEntityMethodProcessor  : Writing [{token=token, username=testuser}]
]]></system-out>
  </testcase>
  <testcase name="login_WithMissingContentType_ShouldReturnUnsupportedMediaType" classname="com.socialmedia.editor.controller.AuthControllerTest" time="0.041">
    <system-out><![CDATA[2025-12-13T14:23:51.848Z DEBUG 2074041 --- [           main] s.w.s.m.m.a.RequestMappingHandlerMapping : Mapped to com.socialmedia.editor.controller.AuthController#authenticateUser(LoginRequest)
2025-12-13T14:23:51.860Z DEBUG 2074041 --- [           main] o.s.web.method.HandlerMethod             : Could not resolve parameter [0] in public org.springframework.http.ResponseEntity<?> com.socialmedia.editor.controller.AuthController.authenticateUser(com.socialmedia.editor.controller.AuthController$LoginRequest): Content-Type 'application/octet-stream' is not supported
2025-12-13T14:23:51.871Z  WARN 2074041 --- [           main] .w.s.m.s.DefaultHandlerExceptionResolver : Resolved [org.springframework.web.HttpMediaTypeNotSupportedException: Content-Type 'application/octet-stream' is not supported]
]]></system-out>
  </testcase>
  <testcase name="register_WithExistingEmail_ShouldReturnBadRequest" classname="com.socialmedia.editor.controller.AuthControllerTest" time="0.019">
    <system-out><![CDATA[2025-12-13T14:23:51.889Z DEBUG 2074041 --- [           main] s.w.s.m.m.a.RequestMappingHandlerMapping : Mapped to com.socialmedia.editor.controller.AuthController#registerUser(RegisterRequest)
2025-12-13T14:23:51.892Z DEBUG 2074041 --- [           main] m.m.a.RequestResponseBodyMethodProcessor : Read "application/json;charset=UTF-8" to [com.socialmedia.editor.controller.AuthController$RegisterRequest@382fba37]
2025-12-13T14:23:51.894Z DEBUG 2074041 --- [           main] o.s.w.s.m.m.a.HttpEntityMethodProcessor  : Using 'text/plain', given [*/*] and supported [text/plain, */*, application/json, application/*+json]
2025-12-13T14:23:51.895Z DEBUG 2074041 --- [           main] o.s.w.s.m.m.a.HttpEntityMethodProcessor  : Writing ["Email is already in use!"]
]]></system-out>
  </testcase>
  <testcase name="register_WithMissingContentType_ShouldReturnUnsupportedMediaType" classname="com.socialmedia.editor.controller.AuthControllerTest" time="0.011">
    <system-out><![CDATA[2025-12-13T14:23:51.908Z DEBUG 2074041 --- [           main] s.w.s.m.m.a.RequestMappingHandlerMapping : Mapped to com.socialmedia.editor.controller.AuthController#registerUser(RegisterRequest)
2025-12-13T14:23:51.909Z DEBUG 2074041 --- [           main] o.s.web.method.HandlerMethod             : Could not resolve parameter [0] in public org.springframework.http.ResponseEntity<?> com.socialmedia.editor.controller.AuthController.registerUser(com.socialmedia.editor.controller.AuthController$RegisterRequest): Content-Type 'application/octet-stream' is not supported
2025-12-13T14:23:51.910Z  WARN 2074041 --- [           main] .w.s.m.s.DefaultHandlerExceptionResolver : Resolved [org.springframework.web.HttpMediaTypeNotSupportedException: Content-Type 'application/octet-stream' is not supported]
]]></system-out>
  </testcase>
  <testcase name="login_WithEmptyPassword_ShouldReturnBadRequest" classname="com.socialmedia.editor.controller.AuthControllerTest" time="0.019">
    <system-out><![CDATA[2025-12-13T14:23:51.921Z DEBUG 2074041 --- [           main] s.w.s.m.m.a.RequestMappingHandlerMapping : Mapped to com.socialmedia.editor.controller.AuthController#authenticateUser(LoginRequest)
2025-12-13T14:23:51.925Z DEBUG 2074041 --- [           main] m.m.a.RequestResponseBodyMethodProcessor : Read "application/json;charset=UTF-8" to [com.socialmedia.editor.controller.AuthController$LoginRequest@404d90c5]
2025-12-13T14:23:51.926Z DEBUG 2074041 --- [           main] o.s.w.s.m.m.a.HttpEntityMethodProcessor  : Using 'text/plain', given [*/*] and supported [text/plain, */*, application/json, application/*+json]
2025-12-13T14:23:51.926Z DEBUG 2074041 --- [           main] o.s.w.s.m.m.a.HttpEntityMethodProcessor  : Writing ["Invalid username or password"]
]]></system-out>
  </testcase>
  <testcase name="register_WithInvalidJson_ShouldReturnBadRequest" classname="com.socialmedia.editor.controller.AuthControllerTest" time="0.03">
    <system-out><![CDATA[2025-12-13T14:23:51.961Z DEBUG 2074041 --- [           main] s.w.s.m.m.a.RequestMappingHandlerMapping : Mapped to com.socialmedia.editor.controller.AuthController#registerUser(RegisterRequest)
2025-12-13T14:23:51.965Z DEBUG 2074041 --- [           main] o.s.web.method.HandlerMethod             : Could not resolve parameter [0] in public org.springframework.http.ResponseEntity<?> com.socialmedia.editor.controller.AuthController.registerUser(com.socialmedia.editor.controller.AuthController$RegisterRequest): JSON parse error: Unexpected character ('i' (code 105)): was expecting double-quote to start field name
2025-12-13T14:23:51.966Z  WARN 2074041 --- [           main] .w.s.m.s.DefaultHandlerExceptionResolver : Resolved [org.springframework.http.converter.HttpMessageNotReadableException: JSON parse error: Unexpected character ('i' (code 105)): was expecting double-quote to start field name]
]]></system-out>
  </testcase>
  <testcase name="login_WithInvalidCredentials_ShouldReturnBadRequest" classname="com.socialmedia.editor.controller.AuthControllerTest" time="0.035">
    <system-out><![CDATA[2025-12-13T14:23:51.997Z DEBUG 2074041 --- [           main] s.w.s.m.m.a.RequestMappingHandlerMapping : Mapped to com.socialmedia.editor.controller.AuthController#authenticateUser(LoginRequest)
2025-12-13T14:23:51.998Z DEBUG 2074041 --- [           main] m.m.a.RequestResponseBodyMethodProcessor : Read "application/json;charset=UTF-8" to [com.socialmedia.editor.controller.AuthController$LoginRequest@5869f15f]
2025-12-13T14:23:52.001Z DEBUG 2074041 --- [           main] o.s.w.s.m.m.a.HttpEntityMethodProcessor  : Using 'text/plain', given [*/*] and supported [text/plain, */*, application/json, application/*+json]
2025-12-13T14:23:52.002Z DEBUG 2074041 --- [           main] o.s.w.s.m.m.a.HttpEntityMethodProcessor  : Writing ["Invalid username or password"]
]]></system-out>
  </testcase>
  <testcase name="register_WithValidData_ShouldReturnSuccessMessage" classname="com.socialmedia.editor.controller.AuthControllerTest" time="0.022">
    <system-out><![CDATA[2025-12-13T14:23:52.029Z DEBUG 2074041 --- [           main] s.w.s.m.m.a.RequestMappingHandlerMapping : Mapped to com.socialmedia.editor.controller.AuthController#registerUser(RegisterRequest)
2025-12-13T14:23:52.032Z DEBUG 2074041 --- [           main] m.m.a.RequestResponseBodyMethodProcessor : Read "application/json;charset=UTF-8" to [com.socialmedia.editor.controller.AuthController$RegisterRequest@3c9e169f]
2025-12-13T14:23:52.033Z DEBUG 2074041 --- [           main] o.s.w.s.m.m.a.HttpEntityMethodProcessor  : Using 'text/plain', given [*/*] and supported [text/plain, */*, application/json, application/*+json]
2025-12-13T14:23:52.033Z DEBUG 2074041 --- [           main] o.s.w.s.m.m.a.HttpEntityMethodProcessor  : Writing ["User registered successfully"]
]]></system-out>
  </testcase>
  <testcase name="login_WithValidCredentials_ShouldReturnTokenAndUsername" classname="com.socialmedia.editor.controller.AuthControllerTest" time="0.019">
    <system-out><![CDATA[2025-12-13T14:23:52.053Z DEBUG 2074041 --- [           main] s.w.s.m.m.a.RequestMappingHandlerMapping : Mapped to com.socialmedia.editor.controller.AuthController#authenticateUser(LoginRequest)
2025-12-13T14:23:52.056Z DEBUG 2074041 --- [           main] m.m.a.RequestResponseBodyMethodProcessor : Read "application/json;charset=UTF-8" to [com.socialmedia.editor.controller.AuthController$LoginRequest@1eaf95d2]
2025-12-13T14:23:52.057Z DEBUG 2074041 --- [           main] o.s.w.s.m.m.a.HttpEntityMethodProcessor  : Using 'application/json', given [*/*] and supported [application/json, application/*+json]
2025-12-13T14:23:52.057Z DEBUG 2074041 --- [           main] o.s.w.s.m.m.a.HttpEntityMethodProcessor  : Writing [{token=mock.jwt.token, username=testuser}]
]]></system-out>
  </testcase>
  <testcase name="register_WithExistingUsername_ShouldReturnBadRequest" classname="com.socialmedia.editor.controller.AuthControllerTest" time="0.021">
    <system-out><![CDATA[2025-12-13T14:23:52.074Z DEBUG 2074041 --- [           main] s.w.s.m.m.a.RequestMappingHandlerMapping : Mapped to com.socialmedia.editor.controller.AuthController#registerUser(RegisterRequest)
2025-12-13T14:23:52.078Z DEBUG 2074041 --- [           main] m.m.a.RequestResponseBodyMethodProcessor : Read "application/json;charset=UTF-8" to [com.socialmedia.editor.controller.AuthController$RegisterRequest@3c2654e]
2025-12-13T14:23:52.081Z DEBUG 2074041 --- [           main] o.s.w.s.m.m.a.HttpEntityMethodProcessor  : Using 'text/plain', given [*/*] and supported [text/plain, */*, application/json, application/*+json]
2025-12-13T14:23:52.082Z DEBUG 2074041 --- [           main] o.s.w.s.m.m.a.HttpEntityMethodProcessor  : Writing ["Username is already taken!"]
]]></system-out>
  </testcase>
  <testcase name="login_WithEmptyUsername_ShouldReturnBadRequest" classname="com.socialmedia.editor.controller.AuthControllerTest" time="0.018">
    <system-out><![CDATA[2025-12-13T14:23:52.104Z DEBUG 2074041 --- [           main] s.w.s.m.m.a.RequestMappingHandlerMapping : Mapped to com.socialmedia.editor.controller.AuthController#authenticateUser(LoginRequest)
2025-12-13T14:23:52.106Z DEBUG 2074041 --- [           main] m.m.a.RequestResponseBodyMethodProcessor : Read "application/json;charset=UTF-8" to [com.socialmedia.editor.controller.AuthController$LoginRequest@5125558b]
2025-12-13T14:23:52.107Z DEBUG 2074041 --- [           main] o.s.w.s.m.m.a.HttpEntityMethodProcessor  : Using 'text/plain', given [*/*] and supported [text/plain, */*, application/json, application/*+json]
2025-12-13T14:23:52.108Z DEBUG 2074041 --- [           main] o.s.w.s.m.m.a.HttpEntityMethodProcessor  : Writing ["Invalid username or password"]
]]></system-out>
  </testcase>
  <testcase name="login_WithInvalidJson_ShouldReturnBadRequest" classname="com.socialmedia.editor.controller.AuthControllerTest" time="0.017">
    <system-out><![CDATA[2025-12-13T14:23:52.128Z DEBUG 2074041 --- [           main] s.w.s.m.m.a.RequestMappingHandlerMapping : Mapped to com.socialmedia.editor.controller.AuthController#authenticateUser(LoginRequest)
2025-12-13T14:23:52.129Z DEBUG 2074041 --- [           main] o.s.web.method.HandlerMethod             : Could not resolve parameter [0] in public org.springframework.http.ResponseEntity<?> com.socialmedia.editor.controller.AuthController.authenticateUser(com.socialmedia.editor.controller.AuthController$LoginRequest): JSON parse error: Unexpected character ('i' (code 105)): was expecting double-quote to start field name
2025-12-13T14:23:52.130Z  WARN 2074041 --- [           main] .w.s.m.s.DefaultHandlerExceptionResolver : Resolved [org.springframework.http.converter.HttpMessageNotReadableException: JSON parse error: Unexpected character ('i' (code 105)): was expecting double-quote to start field name]
]]></system-out>
  </testcase>
</testsuite>